Flow report for display7Segmentos
Mon May 27 22:58:39 2024
Quartus Prime Version 21.1.0 Build 842 10/21/2021 SJ Lite Edition


---------------------
; Table of Contents ;
---------------------
  1. Legal Notice
  2. Flow Summary
  3. Flow Settings
  4. Flow Non-Default Global Settings
  5. Flow Elapsed Time
  6. Flow OS Summary
  7. Flow Log
  8. Flow Messages
  9. Flow Suppressed Messages



----------------
; Legal Notice ;
----------------
Copyright (C) 2021  Intel Corporation. All rights reserved.
Your use of Intel Corporation's design tools, logic functions 
and other software and tools, and any partner logic 
functions, and any output files from any of the foregoing 
(including device programming or simulation files), and any 
associated documentation or information are expressly subject 
to the terms and conditions of the Intel Program License 
Subscription Agreement, the Intel Quartus Prime License Agreement,
the Intel FPGA IP License Agreement, or other applicable license
agreement, including, without limitation, that your use is for
the sole purpose of programming logic devices manufactured by
Intel and sold by Intel or its authorized distributors.  Please
refer to the applicable agreement for further details, at
https://fpgasoftware.intel.com/eula.



+-------------------------------------------------------------------------------+
; Flow Summary                                                                  ;
+---------------------------------+---------------------------------------------+
; Flow Status                     ; Successful - Mon May 27 22:58:34 2024       ;
; Quartus Prime Version           ; 21.1.0 Build 842 10/21/2021 SJ Lite Edition ;
; Revision Name                   ; display7Segmentos                           ;
; Top-level Entity Name           ; somador4Bits                                ;
; Family                          ; Cyclone V                                   ;
; Device                          ; 5CEBA4F23C7                                 ;
; Timing Models                   ; Final                                       ;
; Logic utilization (in ALMs)     ; 11 / 18,480 ( < 1 % )                       ;
; Total registers                 ; 0                                           ;
; Total pins                      ; 20 / 224 ( 9 % )                            ;
; Total virtual pins              ; 0                                           ;
; Total block memory bits         ; 0 / 3,153,920 ( 0 % )                       ;
; Total DSP Blocks                ; 0 / 66 ( 0 % )                              ;
; Total HSSI RX PCSs              ; 0                                           ;
; Total HSSI PMA RX Deserializers ; 0                                           ;
; Total HSSI TX PCSs              ; 0                                           ;
; Total HSSI PMA TX Serializers   ; 0                                           ;
; Total PLLs                      ; 0 / 4 ( 0 % )                               ;
; Total DLLs                      ; 0 / 4 ( 0 % )                               ;
+---------------------------------+---------------------------------------------+


+-----------------------------------------+
; Flow Settings                           ;
+-------------------+---------------------+
; Option            ; Setting             ;
+-------------------+---------------------+
; Start date & time ; 05/27/2024 22:57:56 ;
; Main task         ; Compilation         ;
; Revision Name     ; display7Segmentos   ;
+-------------------+---------------------+


+------------------------------------------------------------------------------------------------------------------------------+
; Flow Non-Default Global Settings                                                                                             ;
+-------------------------------------+----------------------------------------+-------------------+--------------+------------+
; Assignment Name                     ; Value                                  ; Default Value     ; Entity Name  ; Section Id ;
+-------------------------------------+----------------------------------------+-------------------+--------------+------------+
; COMPILER_SIGNATURE_ID               ; 123719794343921.171686147602656        ; --                ; --           ; --         ;
; MAX_CORE_JUNCTION_TEMP              ; 85                                     ; --                ; --           ; --         ;
; MIN_CORE_JUNCTION_TEMP              ; 0                                      ; --                ; --           ; --         ;
; OUTPUT_IO_TIMING_FAR_END_VMEAS      ; Half Signal Swing                      ; --                ; --           ; --         ;
; OUTPUT_IO_TIMING_FAR_END_VMEAS      ; Half Signal Swing                      ; --                ; --           ; --         ;
; OUTPUT_IO_TIMING_NEAR_END_VMEAS     ; Half Vccio                             ; --                ; --           ; --         ;
; OUTPUT_IO_TIMING_NEAR_END_VMEAS     ; Half Vccio                             ; --                ; --           ; --         ;
; PARTITION_COLOR                     ; -- (Not supported for targeted family) ; --                ; somador4Bits ; Top        ;
; PARTITION_FITTER_PRESERVATION_LEVEL ; -- (Not supported for targeted family) ; --                ; somador4Bits ; Top        ;
; PARTITION_NETLIST_TYPE              ; -- (Not supported for targeted family) ; --                ; somador4Bits ; Top        ;
; PROJECT_OUTPUT_DIRECTORY            ; output_files                           ; --                ; --           ; --         ;
; TOP_LEVEL_ENTITY                    ; somador4Bits                           ; display7Segmentos ; --           ; --         ;
+-------------------------------------+----------------------------------------+-------------------+--------------+------------+


+--------------------------------------------------------------------------------------------------------------------------+
; Flow Elapsed Time                                                                                                        ;
+----------------------+--------------+-------------------------+---------------------+------------------------------------+
; Module Name          ; Elapsed Time ; Average Processors Used ; Peak Virtual Memory ; Total CPU Time (on all processors) ;
+----------------------+--------------+-------------------------+---------------------+------------------------------------+
; Analysis & Synthesis ; 00:00:18     ; 1.0                     ; 4827 MB             ; 00:00:30                           ;
; Fitter               ; 00:00:14     ; 1.0                     ; 6176 MB             ; 00:00:20                           ;
; Assembler            ; 00:00:04     ; 1.0                     ; 4849 MB             ; 00:00:04                           ;
; Timing Analyzer      ; 00:00:04     ; 1.0                     ; 5068 MB             ; 00:00:04                           ;
; Total                ; 00:00:40     ; --                      ; --                  ; 00:00:58                           ;
+----------------------+--------------+-------------------------+---------------------+------------------------------------+


+------------------------------------------------------------------------------------+
; Flow OS Summary                                                                    ;
+----------------------+------------------+------------+------------+----------------+
; Module Name          ; Machine Hostname ; OS Name    ; OS Version ; Processor type ;
+----------------------+------------------+------------+------------+----------------+
; Analysis & Synthesis ; 6-306-13         ; Windows 10 ; 10.0       ; x86_64         ;
; Fitter               ; 6-306-13         ; Windows 10 ; 10.0       ; x86_64         ;
; Assembler            ; 6-306-13         ; Windows 10 ; 10.0       ; x86_64         ;
; Timing Analyzer      ; 6-306-13         ; Windows 10 ; 10.0       ; x86_64         ;
+----------------------+------------------+------------+------------+----------------+


------------
; Flow Log ;
------------
quartus_map --read_settings_files=on --write_settings_files=off calculadora -c display7Segmentos
quartus_fit --read_settings_files=off --write_settings_files=off calculadora -c display7Segmentos
quartus_asm --read_settings_files=off --write_settings_files=off calculadora -c display7Segmentos
quartus_sta calculadora -c display7Segmentos



